2020-11-13 03:32:18<xml><ToUserName><![CDATA[gh_ac3aca1c15ad]]></ToUserName>
<FromUserName><![CDATA[oELurxD8LCH5TTkL2NHZKsHK3MJg]]></FromUserName>
<CreateTime>1605236161</CreateTime>
<MsgType><![CDATA[event]]></MsgType>
<Event><![CDATA[subscribe]]></Event>
<EventKey><![CDATA[]]></EventKey>
</xml> 
 

2020-11-13 11:35:31<xml><ToUserName><![CDATA[gh_ac3aca1c15ad]]></ToUserName>
<FromUserName><![CDATA[oELurxD8LCH5TTkL2NHZKsHK3MJg]]></FromUserName>
<CreateTime>1605236161</CreateTime>
<MsgType><![CDATA[event]]></MsgType>
<Event><![CDATA[subscribe]]></Event>
<EventKey><![CDATA[]]></EventKey>
</xml> 
 

2020-11-13 11:37:25<xml><ToUserName><![CDATA[gh_ac3aca1c15ad]]></ToUserName>
<FromUserName><![CDATA[oELurxD8LCH5TTkL2NHZKsHK3MJg]]></FromUserName>
<CreateTime>1605236161</CreateTime>
<MsgType><![CDATA[event]]></MsgType>
<Event><![CDATA[subscribe]]></Event>
<EventKey><![CDATA[]]></EventKey>
</xml> 
 

2020-11-13 12:06:12<xml><ToUserName><![CDATA[gh_ac3aca1c15ad]]></ToUserName>
<FromUserName><![CDATA[oELurxD8LCH5TTkL2NHZKsHK3MJg]]></FromUserName>
<CreateTime>1605236161</CreateTime>
<MsgType><![CDATA[event]]></MsgType>
<Event><![CDATA[subscribe]]></Event>
<EventKey><![CDATA[]]></EventKey>
</xml> 
 

2020-11-13 12:08:07<xml><ToUserName><![CDATA[gh_ac3aca1c15ad]]></ToUserName>
<FromUserName><![CDATA[oELurxD8LCH5TTkL2NHZKsHK3MJg]]></FromUserName>
<CreateTime>1605236161</CreateTime>
<MsgType><![CDATA[event]]></MsgType>
<Event><![CDATA[subscribe]]></Event>
<EventKey><![CDATA[]]></EventKey>
</xml> 
 

2020-11-13 12:09:02<xml><ToUserName><![CDATA[gh_ac3aca1c15ad]]></ToUserName>
<FromUserName><![CDATA[oELurxD8LCH5TTkL2NHZKsHK3MJg]]></FromUserName>
<CreateTime>1605236161</CreateTime>
<MsgType><![CDATA[event]]></MsgType>
<Event><![CDATA[subscribe]]></Event>
<EventKey><![CDATA[]]></EventKey>
</xml> 
 

2020-11-13 12:12:54<xml><ToUserName><![CDATA[gh_ac3aca1c15ad]]></ToUserName>
<FromUserName><![CDATA[oELurxD8LCH5TTkL2NHZKsHK3MJg]]></FromUserName>
<CreateTime>1605236161</CreateTime>
<MsgType><![CDATA[event]]></MsgType>
<Event><![CDATA[subscribe]]></Event>
<EventKey><![CDATA[]]></EventKey>
</xml> 
 

2020-11-13 12:13:13<xml><ToUserName><![CDATA[gh_ac3aca1c15ad]]></ToUserName>
<FromUserName><![CDATA[oELurxD8LCH5TTkL2NHZKsHK3MJg]]></FromUserName>
<CreateTime>1605236161</CreateTime>
<MsgType><![CDATA[event]]></MsgType>
<Event><![CDATA[subscribe]]></Event>
<EventKey><![CDATA[]]></EventKey>
</xml> 
 

2020-11-13 12:13:22<xml><ToUserName><![CDATA[gh_ac3aca1c15ad]]></ToUserName>
<FromUserName><![CDATA[oELurxD8LCH5TTkL2NHZKsHK3MJg]]></FromUserName>
<CreateTime>1605236161</CreateTime>
<MsgType><![CDATA[event]]></MsgType>
<Event><![CDATA[subscribe]]></Event>
<EventKey><![CDATA[]]></EventKey>
</xml> 
 

2020-11-13 12:13:49<xml><ToUserName><![CDATA[gh_ac3aca1c15ad]]></ToUserName>
<FromUserName><![CDATA[oELurxD8LCH5TTkL2NHZKsHK3MJg]]></FromUserName>
<CreateTime>1605236161</CreateTime>
<MsgType><![CDATA[event]]></MsgType>
<Event><![CDATA[subscribe]]></Event>
<EventKey><![CDATA[]]></EventKey>
</xml> 
 

2020-11-13 12:25:02<xml><ToUserName><![CDATA[gh_ac3aca1c15ad]]></ToUserName>
<FromUserName><![CDATA[oELurxD8LCH5TTkL2NHZKsHK3MJg]]></FromUserName>
<CreateTime>1605236161</CreateTime>
<MsgType><![CDATA[event]]></MsgType>
<Event><![CDATA[subscribe]]></Event>
<EventKey><![CDATA[]]></EventKey>
</xml> 
 

2020-11-14 05:36:06<xml><ToUserName><![CDATA[gh_ac3aca1c15ad]]></ToUserName>
<FromUserName><![CDATA[oELurxD8LCH5TTkL2NHZKsHK3MJg]]></FromUserName>
<CreateTime>1605236161</CreateTime>
<MsgType><![CDATA[event]]></MsgType>
<Event><![CDATA[subscribe]]></Event>
<EventKey><![CDATA[]]></EventKey>
</xml> 
 

2020-11-14 05:44:19<xml><ToUserName><![CDATA[gh_ac3aca1c15ad]]></ToUserName>
<FromUserName><![CDATA[oELurxD8LCH5TTkL2NHZKsHK3MJg]]></FromUserName>
<CreateTime>1605236161</CreateTime>
<MsgType><![CDATA[event]]></MsgType>
<Event><![CDATA[subscribe]]></Event>
<EventKey><![CDATA[]]></EventKey>
</xml> 
 

2020-11-14 05:46:23<xml><ToUserName><![CDATA[gh_ac3aca1c15ad]]></ToUserName>
<FromUserName><![CDATA[oELurxD8LCH5TTkL2NHZKsHK3MJg]]></FromUserName>
<CreateTime>1605236161</CreateTime>
<MsgType><![CDATA[event]]></MsgType>
<Event><![CDATA[subscribe]]></Event>
<EventKey><![CDATA[]]></EventKey>
</xml> 
 

2020-11-14 05:47:56<xml><ToUserName><![CDATA[gh_ac3aca1c15ad]]></ToUserName>
<FromUserName><![CDATA[oELurxD8LCH5TTkL2NHZKsHK3MJg]]></FromUserName>
<CreateTime>1605236161</CreateTime>
<MsgType><![CDATA[event]]></MsgType>
<Event><![CDATA[subscribe]]></Event>
<EventKey><![CDATA[]]></EventKey>
</xml> 
 

2020-11-14 05:51:15<xml><ToUserName><![CDATA[gh_ac3aca1c15ad]]></ToUserName>
<FromUserName><![CDATA[oELurxD8LCH5TTkL2NHZKsHK3MJg]]></FromUserName>
<CreateTime>1605236161</CreateTime>
<MsgType><![CDATA[event]]></MsgType>
<Event><![CDATA[subscribe]]></Event>
<EventKey><![CDATA[]]></EventKey>
</xml> 
 

2020-11-14 05:56:27<xml><ToUserName><![CDATA[gh_ac3aca1c15ad]]></ToUserName>
<FromUserName><![CDATA[oELurxD8LCH5TTkL2NHZKsHK3MJg]]></FromUserName>
<CreateTime>1605236161</CreateTime>
<MsgType><![CDATA[event]]></MsgType>
<Event><![CDATA[subscribe]]></Event>
<EventKey><![CDATA[]]></EventKey>
</xml> 
 

2020-11-14 06:00:12<xml><ToUserName><![CDATA[gh_ac3aca1c15ad]]></ToUserName>
<FromUserName><![CDATA[oELurxD8LCH5TTkL2NHZKsHK3MJg]]></FromUserName>
<CreateTime>1605236161</CreateTime>
<MsgType><![CDATA[event]]></MsgType>
<Event><![CDATA[subscribe]]></Event>
<EventKey><![CDATA[]]></EventKey>
</xml> 
 

2020-11-14 06:00:48<xml><ToUserName><![CDATA[gh_ac3aca1c15ad]]></ToUserName>
<FromUserName><![CDATA[oELurxD8LCH5TTkL2NHZKsHK3MJg]]></FromUserName>
<CreateTime>1605236161</CreateTime>
<MsgType><![CDATA[event]]></MsgType>
<Event><![CDATA[subscribe]]></Event>
<EventKey><![CDATA[]]></EventKey>
</xml> 
 

2020-11-14 06:02:58<xml><ToUserName><![CDATA[gh_ac3aca1c15ad]]></ToUserName>
<FromUserName><![CDATA[oELurxD8LCH5TTkL2NHZKsHK3MJg]]></FromUserName>
<CreateTime>1605236161</CreateTime>
<MsgType><![CDATA[event]]></MsgType>
<Event><![CDATA[subscribe]]></Event>
<EventKey><![CDATA[]]></EventKey>
</xml> 
 

2020-11-14 06:03:50<xml><ToUserName><![CDATA[gh_ac3aca1c15ad]]></ToUserName>
<FromUserName><![CDATA[oELurxD8LCH5TTkL2NHZKsHK3MJg]]></FromUserName>
<CreateTime>1605236161</CreateTime>
<MsgType><![CDATA[event]]></MsgType>
<Event><![CDATA[subscribe]]></Event>
<EventKey><![CDATA[]]></EventKey>
</xml> 
 

2020-11-14 06:04:10<xml><ToUserName><![CDATA[gh_ac3aca1c15ad]]></ToUserName>
<FromUserName><![CDATA[oELurxD8LCH5TTkL2NHZKsHK3MJg]]></FromUserName>
<CreateTime>1605236161</CreateTime>
<MsgType><![CDATA[event]]></MsgType>
<Event><![CDATA[subscribe]]></Event>
<EventKey><![CDATA[]]></EventKey>
</xml> 
 

2020-11-14 06:04:46<xml><ToUserName><![CDATA[gh_ac3aca1c15ad]]></ToUserName>
<FromUserName><![CDATA[oELurxD8LCH5TTkL2NHZKsHK3MJg]]></FromUserName>
<CreateTime>1605236161</CreateTime>
<MsgType><![CDATA[event]]></MsgType>
<Event><![CDATA[subscribe]]></Event>
<EventKey><![CDATA[]]></EventKey>
</xml> 
 

2020-11-14 06:11:42<xml><ToUserName><![CDATA[gh_ac3aca1c15ad]]></ToUserName>
<FromUserName><![CDATA[oELurxD8LCH5TTkL2NHZKsHK3MJg]]></FromUserName>
<CreateTime>1605236161</CreateTime>
<MsgType><![CDATA[event]]></MsgType>
<Event><![CDATA[subscribe]]></Event>
<EventKey><![CDATA[]]></EventKey>
</xml> 
 

2020-11-14 06:11:47<xml><ToUserName><![CDATA[gh_ac3aca1c15ad]]></ToUserName>
<FromUserName><![CDATA[oELurxD8LCH5TTkL2NHZKsHK3MJg]]></FromUserName>
<CreateTime>1605236161</CreateTime>
<MsgType><![CDATA[event]]></MsgType>
<Event><![CDATA[subscribe]]></Event>
<EventKey><![CDATA[]]></EventKey>
</xml> 
 

2020-11-14 06:13:35<xml><ToUserName><![CDATA[gh_ac3aca1c15ad]]></ToUserName>
<FromUserName><![CDATA[oELurxD8LCH5TTkL2NHZKsHK3MJg]]></FromUserName>
<CreateTime>1605236161</CreateTime>
<MsgType><![CDATA[event]]></MsgType>
<Event><![CDATA[subscribe]]></Event>
<EventKey><![CDATA[]]></EventKey>
</xml> 
 

2020-11-14 06:13:53<xml><ToUserName><![CDATA[gh_ac3aca1c15ad]]></ToUserName>
<FromUserName><![CDATA[oELurxD8LCH5TTkL2NHZKsHK3MJg]]></FromUserName>
<CreateTime>1605236161</CreateTime>
<MsgType><![CDATA[event]]></MsgType>
<Event><![CDATA[subscribe]]></Event>
<EventKey><![CDATA[]]></EventKey>
</xml> 
 

2020-11-14 06:15:06<xml><ToUserName><![CDATA[gh_ac3aca1c15ad]]></ToUserName>
<FromUserName><![CDATA[oELurxD8LCH5TTkL2NHZKsHK3MJg]]></FromUserName>
<CreateTime>1605236161</CreateTime>
<MsgType><![CDATA[event]]></MsgType>
<Event><![CDATA[subscribe]]></Event>
<EventKey><![CDATA[]]></EventKey>
</xml> 
 

2020-11-14 06:15:42<xml><ToUserName><![CDATA[gh_ac3aca1c15ad]]></ToUserName>
<FromUserName><![CDATA[oELurxD8LCH5TTkL2NHZKsHK3MJg]]></FromUserName>
<CreateTime>1605236161</CreateTime>
<MsgType><![CDATA[event]]></MsgType>
<Event><![CDATA[subscribe]]></Event>
<EventKey><![CDATA[]]></EventKey>
</xml> 
 

2020-11-14 06:15:50<xml><ToUserName><![CDATA[gh_ac3aca1c15ad]]></ToUserName>
<FromUserName><![CDATA[oELurxD8LCH5TTkL2NHZKsHK3MJg]]></FromUserName>
<CreateTime>1605236161</CreateTime>
<MsgType><![CDATA[event]]></MsgType>
<Event><![CDATA[subscribe]]></Event>
<EventKey><![CDATA[]]></EventKey>
</xml> 
 

2020-11-14 06:16:21<xml><ToUserName><![CDATA[gh_ac3aca1c15ad]]></ToUserName>
<FromUserName><![CDATA[oELurxD8LCH5TTkL2NHZKsHK3MJg]]></FromUserName>
<CreateTime>1605236161</CreateTime>
<MsgType><![CDATA[event]]></MsgType>
<Event><![CDATA[subscribe]]></Event>
<EventKey><![CDATA[]]></EventKey>
</xml> 
 

2020-11-14 06:16:34<xml><ToUserName><![CDATA[gh_ac3aca1c15ad]]></ToUserName>
<FromUserName><![CDATA[oELurxD8LCH5TTkL2NHZKsHK3MJg]]></FromUserName>
<CreateTime>1605236161</CreateTime>
<MsgType><![CDATA[event]]></MsgType>
<Event><![CDATA[subscribe]]></Event>
<EventKey><![CDATA[]]></EventKey>
</xml> 
 

2020-11-14 06:16:47<xml><ToUserName><![CDATA[gh_ac3aca1c15ad]]></ToUserName>
<FromUserName><![CDATA[oELurxD8LCH5TTkL2NHZKsHK3MJg]]></FromUserName>
<CreateTime>1605236161</CreateTime>
<MsgType><![CDATA[event]]></MsgType>
<Event><![CDATA[subscribe]]></Event>
<EventKey><![CDATA[]]></EventKey>
</xml> 
 

2020-11-14 06:17:32<xml><ToUserName><![CDATA[gh_ac3aca1c15ad]]></ToUserName>
<FromUserName><![CDATA[oELurxD8LCH5TTkL2NHZKsHK3MJg]]></FromUserName>
<CreateTime>1605236161</CreateTime>
<MsgType><![CDATA[event]]></MsgType>
<Event><![CDATA[subscribe]]></Event>
<EventKey><![CDATA[]]></EventKey>
</xml> 
 

2020-11-14 06:17:56<xml><ToUserName><![CDATA[gh_ac3aca1c15ad]]></ToUserName>
<FromUserName><![CDATA[oELurxD8LCH5TTkL2NHZKsHK3MJg]]></FromUserName>
<CreateTime>1605236161</CreateTime>
<MsgType><![CDATA[event]]></MsgType>
<Event><![CDATA[subscribe]]></Event>
<EventKey><![CDATA[]]></EventKey>
</xml> 
 

2020-11-14 06:18:04<xml><ToUserName><![CDATA[gh_ac3aca1c15ad]]></ToUserName>
<FromUserName><![CDATA[oELurxD8LCH5TTkL2NHZKsHK3MJg]]></FromUserName>
<CreateTime>1605236161</CreateTime>
<MsgType><![CDATA[event]]></MsgType>
<Event><![CDATA[subscribe]]></Event>
<EventKey><![CDATA[]]></EventKey>
</xml> 
 

2020-11-14 06:18:35<xml><ToUserName><![CDATA[gh_ac3aca1c15ad]]></ToUserName>
<FromUserName><![CDATA[oELurxD8LCH5TTkL2NHZKsHK3MJg]]></FromUserName>
<CreateTime>1605236161</CreateTime>
<MsgType><![CDATA[event]]></MsgType>
<Event><![CDATA[subscribe]]></Event>
<EventKey><![CDATA[]]></EventKey>
</xml> 
 

2020-11-14 06:19:04<xml><ToUserName><![CDATA[gh_ac3aca1c15ad]]></ToUserName>
<FromUserName><![CDATA[oELurxD8LCH5TTkL2NHZKsHK3MJg]]></FromUserName>
<CreateTime>1605236161</CreateTime>
<MsgType><![CDATA[event]]></MsgType>
<Event><![CDATA[subscribe]]></Event>
<EventKey><![CDATA[]]></EventKey>
</xml> 
 

2020-11-14 06:20:08<xml><ToUserName><![CDATA[gh_ac3aca1c15ad]]></ToUserName>
<FromUserName><![CDATA[oELurxD8LCH5TTkL2NHZKsHK3MJg]]></FromUserName>
<CreateTime>1605236161</CreateTime>
<MsgType><![CDATA[event]]></MsgType>
<Event><![CDATA[subscribe]]></Event>
<EventKey><![CDATA[]]></EventKey>
</xml> 
 

2020-11-14 06:21:46<xml><ToUserName><![CDATA[gh_ac3aca1c15ad]]></ToUserName>
<FromUserName><![CDATA[oELurxD8LCH5TTkL2NHZKsHK3MJg]]></FromUserName>
<CreateTime>1605236161</CreateTime>
<MsgType><![CDATA[event]]></MsgType>
<Event><![CDATA[subscribe]]></Event>
<EventKey><![CDATA[]]></EventKey>
</xml> 
 

2020-11-14 06:22:09<xml><ToUserName><![CDATA[gh_ac3aca1c15ad]]></ToUserName>
<FromUserName><![CDATA[oELurxD8LCH5TTkL2NHZKsHK3MJg]]></FromUserName>
<CreateTime>1605236161</CreateTime>
<MsgType><![CDATA[event]]></MsgType>
<Event><![CDATA[subscribe]]></Event>
<EventKey><![CDATA[]]></EventKey>
</xml> 
 

2020-11-14 06:22:14<xml><ToUserName><![CDATA[gh_ac3aca1c15ad]]></ToUserName>
<FromUserName><![CDATA[oELurxD8LCH5TTkL2NHZKsHK3MJg]]></FromUserName>
<CreateTime>1605236161</CreateTime>
<MsgType><![CDATA[event]]></MsgType>
<Event><![CDATA[subscribe]]></Event>
<EventKey><![CDATA[]]></EventKey>
</xml> 
 

2020-11-14 07:13:58<xml><ToUserName><![CDATA[gh_ac3aca1c15ad]]></ToUserName>
<FromUserName><![CDATA[oELurxD8LCH5TTkL2NHZKsHK3MJg]]></FromUserName>
<CreateTime>1605236161</CreateTime>
<MsgType><![CDATA[event]]></MsgType>
<Event><![CDATA[subscribe]]></Event>
<EventKey><![CDATA[]]></EventKey>
</xml> 
 

2020-11-14 07:23:30<xml><ToUserName><![CDATA[gh_ac3aca1c15ad]]></ToUserName>
<FromUserName><![CDATA[oELurxD8LCH5TTkL2NHZKsHK3MJg]]></FromUserName>
<CreateTime>1605236161</CreateTime>
<MsgType><![CDATA[event]]></MsgType>
<Event><![CDATA[subscribe]]></Event>
<EventKey><![CDATA[]]></EventKey>
</xml> 
 

2020-11-14 07:23:58<xml><ToUserName><![CDATA[gh_ac3aca1c15ad]]></ToUserName>
<FromUserName><![CDATA[oELurxD8LCH5TTkL2NHZKsHK3MJg]]></FromUserName>
<CreateTime>1605236161</CreateTime>
<MsgType><![CDATA[event]]></MsgType>
<Event><![CDATA[subscribe]]></Event>
<EventKey><![CDATA[]]></EventKey>
</xml> 
 

2020-11-14 07:28:56<xml><ToUserName><![CDATA[gh_ac3aca1c15ad]]></ToUserName>
<FromUserName><![CDATA[oELurxD8LCH5TTkL2NHZKsHK3MJg]]></FromUserName>
<CreateTime>1605236161</CreateTime>
<MsgType><![CDATA[event]]></MsgType>
<Event><![CDATA[subscribe]]></Event>
<EventKey><![CDATA[]]></EventKey>
</xml> 
 

2020-11-14 07:30:49<xml><ToUserName><![CDATA[gh_ac3aca1c15ad]]></ToUserName>
<FromUserName><![CDATA[oELurxD8LCH5TTkL2NHZKsHK3MJg]]></FromUserName>
<CreateTime>1605236161</CreateTime>
<MsgType><![CDATA[event]]></MsgType>
<Event><![CDATA[subscribe]]></Event>
<EventKey><![CDATA[]]></EventKey>
</xml> 
 

2020-11-14 07:34:53<xml><ToUserName><![CDATA[gh_ac3aca1c15ad]]></ToUserName>
<FromUserName><![CDATA[oELurxD8LCH5TTkL2NHZKsHK3MJg]]></FromUserName>
<CreateTime>1605236161</CreateTime>
<MsgType><![CDATA[event]]></MsgType>
<Event><![CDATA[subscribe]]></Event>
<EventKey><![CDATA[]]></EventKey>
</xml> 
 

2020-11-14 07:35:51<xml><ToUserName><![CDATA[gh_ac3aca1c15ad]]></ToUserName>
<FromUserName><![CDATA[oELurxD8LCH5TTkL2NHZKsHK3MJg]]></FromUserName>
<CreateTime>1605236161</CreateTime>
<MsgType><![CDATA[event]]></MsgType>
<Event><![CDATA[subscribe]]></Event>
<EventKey><![CDATA[]]></EventKey>
</xml> 
 

2020-11-14 07:38:36<xml><ToUserName><![CDATA[gh_ac3aca1c15ad]]></ToUserName>
<FromUserName><![CDATA[oELurxD8LCH5TTkL2NHZKsHK3MJg]]></FromUserName>
<CreateTime>1605236161</CreateTime>
<MsgType><![CDATA[event]]></MsgType>
<Event><![CDATA[subscribe]]></Event>
<EventKey><![CDATA[]]></EventKey>
</xml> 
 

2020-11-14 07:41:27<xml><ToUserName><![CDATA[gh_ac3aca1c15ad]]></ToUserName>
<FromUserName><![CDATA[oELurxD8LCH5TTkL2NHZKsHK3MJg]]></FromUserName>
<CreateTime>1605236161</CreateTime>
<MsgType><![CDATA[event]]></MsgType>
<Event><![CDATA[subscribe]]></Event>
<EventKey><![CDATA[]]></EventKey>
</xml> 
 

2020-11-14 07:41:30<xml><ToUserName><![CDATA[gh_ac3aca1c15ad]]></ToUserName>
<FromUserName><![CDATA[oELurxD8LCH5TTkL2NHZKsHK3MJg]]></FromUserName>
<CreateTime>1605236161</CreateTime>
<MsgType><![CDATA[event]]></MsgType>
<Event><![CDATA[subscribe]]></Event>
<EventKey><![CDATA[]]></EventKey>
</xml> 
 

2020-11-14 07:41:33<xml><ToUserName><![CDATA[gh_ac3aca1c15ad]]></ToUserName>
<FromUserName><![CDATA[oELurxD8LCH5TTkL2NHZKsHK3MJg]]></FromUserName>
<CreateTime>1605236161</CreateTime>
<MsgType><![CDATA[event]]></MsgType>
<Event><![CDATA[subscribe]]></Event>
<EventKey><![CDATA[]]></EventKey>
</xml> 
 

2020-11-14 07:41:35<xml><ToUserName><![CDATA[gh_ac3aca1c15ad]]></ToUserName>
<FromUserName><![CDATA[oELurxD8LCH5TTkL2NHZKsHK3MJg]]></FromUserName>
<CreateTime>1605236161</CreateTime>
<MsgType><![CDATA[event]]></MsgType>
<Event><![CDATA[subscribe]]></Event>
<EventKey><![CDATA[]]></EventKey>
</xml> 
 

2020-11-14 07:41:36<xml><ToUserName><![CDATA[gh_ac3aca1c15ad]]></ToUserName>
<FromUserName><![CDATA[oELurxD8LCH5TTkL2NHZKsHK3MJg]]></FromUserName>
<CreateTime>1605236161</CreateTime>
<MsgType><![CDATA[event]]></MsgType>
<Event><![CDATA[subscribe]]></Event>
<EventKey><![CDATA[]]></EventKey>
</xml> 
 

2020-11-14 07:41:37<xml><ToUserName><![CDATA[gh_ac3aca1c15ad]]></ToUserName>
<FromUserName><![CDATA[oELurxD8LCH5TTkL2NHZKsHK3MJg]]></FromUserName>
<CreateTime>1605236161</CreateTime>
<MsgType><![CDATA[event]]></MsgType>
<Event><![CDATA[subscribe]]></Event>
<EventKey><![CDATA[]]></EventKey>
</xml> 
 

2020-11-14 07:41:39<xml><ToUserName><![CDATA[gh_ac3aca1c15ad]]></ToUserName>
<FromUserName><![CDATA[oELurxD8LCH5TTkL2NHZKsHK3MJg]]></FromUserName>
<CreateTime>1605236161</CreateTime>
<MsgType><![CDATA[event]]></MsgType>
<Event><![CDATA[subscribe]]></Event>
<EventKey><![CDATA[]]></EventKey>
</xml> 
 

2020-11-14 07:43:16<xml><ToUserName><![CDATA[gh_ac3aca1c15ad]]></ToUserName>
<FromUserName><![CDATA[oELurxD8LCH5TTkL2NHZKsHK3MJg]]></FromUserName>
<CreateTime>1605236161</CreateTime>
<MsgType><![CDATA[event]]></MsgType>
<Event><![CDATA[subscribe]]></Event>
<EventKey><![CDATA[]]></EventKey>
</xml> 
 

2020-11-14 07:43:26
 

2020-11-14 07:43:37<xml><ToUserName><![CDATA[gh_ac3aca1c15ad]]></ToUserName>
<FromUserName><![CDATA[oELurxD8LCH5TTkL2NHZKsHK3MJg]]></FromUserName>
<CreateTime>1605236161</CreateTime>
<MsgType><![CDATA[event]]></MsgType>
<Event><![CDATA[subscribe]]></Event>
<EventKey><![CDATA[]]></EventKey>
</xml> 
 

2020-11-14 07:44:06<xml><ToUserName><![CDATA[gh_ac3aca1c15ad]]></ToUserName>
<FromUserName><![CDATA[oELurxD8LCH5TTkL2NHZKsHK3MJg]]></FromUserName>
<CreateTime>1605236161</CreateTime>
<MsgType><![CDATA[event]]></MsgType>
<Event><![CDATA[subscribe]]></Event>
<EventKey><![CDATA[]]></EventKey>
</xml> 
 

2020-11-14 07:46:35<xml><ToUserName><![CDATA[gh_ac3aca1c15ad]]></ToUserName>
<FromUserName><![CDATA[oELurxD8LCH5TTkL2NHZKsHK3MJg]]></FromUserName>
<CreateTime>1605236161</CreateTime>
<MsgType><![CDATA[event]]></MsgType>
<Event><![CDATA[subscribe]]></Event>
<EventKey><![CDATA[]]></EventKey>
</xml> 
 

2020-11-14 07:51:57<xml><ToUserName><![CDATA[gh_ac3aca1c15ad]]></ToUserName>
<FromUserName><![CDATA[oELurxD8LCH5TTkL2NHZKsHK3MJg]]></FromUserName>
<CreateTime>1605236161</CreateTime>
<MsgType><![CDATA[event]]></MsgType>
<Event><![CDATA[subscribe]]></Event>
<EventKey><![CDATA[]]></EventKey>
</xml> 
 

2020-11-14 07:52:40<xml><ToUserName><![CDATA[gh_ac3aca1c15ad]]></ToUserName>
<FromUserName><![CDATA[oELurxD8LCH5TTkL2NHZKsHK3MJg]]></FromUserName>
<CreateTime>1605236161</CreateTime>
<MsgType><![CDATA[event]]></MsgType>
<Event><![CDATA[subscribe]]></Event>
<EventKey><![CDATA[]]></EventKey>
</xml> 
 

2020-11-14 07:52:47<xml><ToUserName><![CDATA[gh_ac3aca1c15ad]]></ToUserName>
<FromUserName><![CDATA[oELurxD8LCH5TTkL2NHZKsHK3MJg]]></FromUserName>
<CreateTime>1605236161</CreateTime>
<MsgType><![CDATA[event]]></MsgType>
<Event><![CDATA[subscribe]]></Event>
<EventKey><![CDATA[]]></EventKey>
</xml> 
 

2020-11-14 07:53:07<xml><ToUserName><![CDATA[gh_ac3aca1c15ad]]></ToUserName>
<FromUserName><![CDATA[oELurxD8LCH5TTkL2NHZKsHK3MJg]]></FromUserName>
<CreateTime>1605236161</CreateTime>
<MsgType><![CDATA[event]]></MsgType>
<Event><![CDATA[subscribe]]></Event>
<EventKey><![CDATA[]]></EventKey>
</xml> 
 

2020-11-14 07:54:12<xml><ToUserName><![CDATA[gh_ac3aca1c15ad]]></ToUserName>
<FromUserName><![CDATA[oELurxD8LCH5TTkL2NHZKsHK3MJg]]></FromUserName>
<CreateTime>1605236161</CreateTime>
<MsgType><![CDATA[event]]></MsgType>
<Event><![CDATA[subscribe]]></Event>
<EventKey><![CDATA[]]></EventKey>
</xml> 
 

2020-11-14 07:55:01<xml><ToUserName><![CDATA[gh_ac3aca1c15ad]]></ToUserName>
<FromUserName><![CDATA[oELurxD8LCH5TTkL2NHZKsHK3MJg]]></FromUserName>
<CreateTime>1605236161</CreateTime>
<MsgType><![CDATA[event]]></MsgType>
<Event><![CDATA[subscribe]]></Event>
<EventKey><![CDATA[]]></EventKey>
</xml> 
 

2020-11-14 07:55:05<xml><ToUserName><![CDATA[gh_ac3aca1c15ad]]></ToUserName>
<FromUserName><![CDATA[oELurxD8LCH5TTkL2NHZKsHK3MJg]]></FromUserName>
<CreateTime>1605236161</CreateTime>
<MsgType><![CDATA[event]]></MsgType>
<Event><![CDATA[subscribe]]></Event>
<EventKey><![CDATA[]]></EventKey>
</xml> 
 

2020-11-14 07:55:31<xml><ToUserName><![CDATA[gh_ac3aca1c15ad]]></ToUserName>
<FromUserName><![CDATA[oELurxD8LCH5TTkL2NHZKsHK3MJg]]></FromUserName>
<CreateTime>1605236161</CreateTime>
<MsgType><![CDATA[event]]></MsgType>
<Event><![CDATA[subscribe]]></Event>
<EventKey><![CDATA[]]></EventKey>
</xml> 
 

2020-11-14 07:56:10<xml><ToUserName><![CDATA[gh_ac3aca1c15ad]]></ToUserName>
<FromUserName><![CDATA[oELurxD8LCH5TTkL2NHZKsHK3MJg]]></FromUserName>
<CreateTime>1605236161</CreateTime>
<MsgType><![CDATA[event]]></MsgType>
<Event><![CDATA[subscribe]]></Event>
<EventKey><![CDATA[]]></EventKey>
</xml> 
 

2020-11-14 07:58:20<xml><ToUserName><![CDATA[gh_ac3aca1c15ad]]></ToUserName>
<FromUserName><![CDATA[oELurxD8LCH5TTkL2NHZKsHK3MJg]]></FromUserName>
<CreateTime>1605236161</CreateTime>
<MsgType><![CDATA[event]]></MsgType>
<Event><![CDATA[subscribe]]></Event>
<EventKey><![CDATA[]]></EventKey>
</xml> 
 

2020-11-14 07:59:18<xml><ToUserName><![CDATA[gh_ac3aca1c15ad]]></ToUserName>
<FromUserName><![CDATA[oELurxD8LCH5TTkL2NHZKsHK3MJg]]></FromUserName>
<CreateTime>1605236161</CreateTime>
<MsgType><![CDATA[event]]></MsgType>
<Event><![CDATA[subscribe]]></Event>
<EventKey><![CDATA[]]></EventKey>
</xml> 
 

2020-11-14 08:00:54<xml><ToUserName><![CDATA[gh_ac3aca1c15ad]]></ToUserName>
<FromUserName><![CDATA[oELurxD8LCH5TTkL2NHZKsHK3MJg]]></FromUserName>
<CreateTime>1605236161</CreateTime>
<MsgType><![CDATA[event]]></MsgType>
<Event><![CDATA[subscribe]]></Event>
<EventKey><![CDATA[]]></EventKey>
</xml> 
 

2020-11-14 08:02:10<xml><ToUserName><![CDATA[gh_ac3aca1c15ad]]></ToUserName>
<FromUserName><![CDATA[oELurxD8LCH5TTkL2NHZKsHK3MJg]]></FromUserName>
<CreateTime>1605236161</CreateTime>
<MsgType><![CDATA[event]]></MsgType>
<Event><![CDATA[subscribe]]></Event>
<EventKey><![CDATA[]]></EventKey>
</xml> 
 

2020-11-14 08:03:50<xml><ToUserName><![CDATA[gh_ac3aca1c15ad]]></ToUserName>
<FromUserName><![CDATA[oELurxD8LCH5TTkL2NHZKsHK3MJg]]></FromUserName>
<CreateTime>1605236161</CreateTime>
<MsgType><![CDATA[event]]></MsgType>
<Event><![CDATA[subscribe]]></Event>
<EventKey><![CDATA[]]></EventKey>
</xml> 
 

2020-11-14 08:05:32<xml><ToUserName><![CDATA[gh_ac3aca1c15ad]]></ToUserName>
<FromUserName><![CDATA[oELurxD8LCH5TTkL2NHZKsHK3MJg]]></FromUserName>
<CreateTime>1605236161</CreateTime>
<MsgType><![CDATA[event]]></MsgType>
<Event><![CDATA[subscribe]]></Event>
<EventKey><![CDATA[]]></EventKey>
</xml> 
 

2020-11-14 08:09:53<xml><ToUserName><![CDATA[gh_ac3aca1c15ad]]></ToUserName>
<FromUserName><![CDATA[oELurxD8LCH5TTkL2NHZKsHK3MJg]]></FromUserName>
<CreateTime>1605236161</CreateTime>
<MsgType><![CDATA[event]]></MsgType>
<Event><![CDATA[subscribe]]></Event>
<EventKey><![CDATA[]]></EventKey>
</xml> 
 

2020-11-14 08:10:15<xml><ToUserName><![CDATA[gh_ac3aca1c15ad]]></ToUserName>
<FromUserName><![CDATA[oELurxD8LCH5TTkL2NHZKsHK3MJg]]></FromUserName>
<CreateTime>1605236161</CreateTime>
<MsgType><![CDATA[event]]></MsgType>
<Event><![CDATA[subscribe]]></Event>
<EventKey><![CDATA[]]></EventKey>
</xml> 
 

2020-11-14 08:11:11<xml><ToUserName><![CDATA[gh_ac3aca1c15ad]]></ToUserName>
<FromUserName><![CDATA[oELurxD8LCH5TTkL2NHZKsHK3MJg]]></FromUserName>
<CreateTime>1605236161</CreateTime>
<MsgType><![CDATA[event]]></MsgType>
<Event><![CDATA[subscribe]]></Event>
<EventKey><![CDATA[]]></EventKey>
</xml> 
 

2020-11-14 08:14:13<xml><ToUserName><![CDATA[gh_ac3aca1c15ad]]></ToUserName>
<FromUserName><![CDATA[oELurxD8LCH5TTkL2NHZKsHK3MJg]]></FromUserName>
<CreateTime>1605236161</CreateTime>
<MsgType><![CDATA[event]]></MsgType>
<Event><![CDATA[subscribe]]></Event>
<EventKey><![CDATA[]]></EventKey>
</xml> 
 

2020-11-14 08:14:46<xml><ToUserName><![CDATA[gh_ac3aca1c15ad]]></ToUserName>
<FromUserName><![CDATA[oELurxD8LCH5TTkL2NHZKsHK3MJg]]></FromUserName>
<CreateTime>1605236161</CreateTime>
<MsgType><![CDATA[event]]></MsgType>
<Event><![CDATA[subscribe]]></Event>
<EventKey><![CDATA[]]></EventKey>
</xml> 
 

2020-11-14 08:16:51<xml><ToUserName><![CDATA[gh_ac3aca1c15ad]]></ToUserName>
<FromUserName><![CDATA[oELurxD8LCH5TTkL2NHZKsHK3MJg]]></FromUserName>
<CreateTime>1605236161</CreateTime>
<MsgType><![CDATA[event]]></MsgType>
<Event><![CDATA[subscribe]]></Event>
<EventKey><![CDATA[]]></EventKey>
</xml> 
 

2020-11-14 08:17:31<xml><ToUserName><![CDATA[gh_ac3aca1c15ad]]></ToUserName>
<FromUserName><![CDATA[oELurxD8LCH5TTkL2NHZKsHK3MJg]]></FromUserName>
<CreateTime>1605236161</CreateTime>
<MsgType><![CDATA[event]]></MsgType>
<Event><![CDATA[subscribe]]></Event>
<EventKey><![CDATA[]]></EventKey>
</xml> 
 

2020-11-14 08:19:34<xml><ToUserName><![CDATA[gh_ac3aca1c15ad]]></ToUserName>
<FromUserName><![CDATA[oELurxD8LCH5TTkL2NHZKsHK3MJg]]></FromUserName>
<CreateTime>1605236161</CreateTime>
<MsgType><![CDATA[event]]></MsgType>
<Event><![CDATA[subscribe]]></Event>
<EventKey><![CDATA[]]></EventKey>
</xml> 
 

2020-11-14 08:20:47<xml><ToUserName><![CDATA[gh_ac3aca1c15ad]]></ToUserName>
<FromUserName><![CDATA[oELurxD8LCH5TTkL2NHZKsHK3MJg]]></FromUserName>
<CreateTime>1605236161</CreateTime>
<MsgType><![CDATA[event]]></MsgType>
<Event><![CDATA[subscribe]]></Event>
<EventKey><![CDATA[]]></EventKey>
</xml> 
 

2020-11-14 08:23:52<xml><ToUserName><![CDATA[gh_ac3aca1c15ad]]></ToUserName>
<FromUserName><![CDATA[oELurxD8LCH5TTkL2NHZKsHK3MJg]]></FromUserName>
<CreateTime>1605236161</CreateTime>
<MsgType><![CDATA[event]]></MsgType>
<Event><![CDATA[subscribe]]></Event>
<EventKey><![CDATA[]]></EventKey>
</xml> 
 

2020-11-14 08:24:20<xml><ToUserName><![CDATA[gh_ac3aca1c15ad]]></ToUserName>
<FromUserName><![CDATA[oELurxD8LCH5TTkL2NHZKsHK3MJg]]></FromUserName>
<CreateTime>1605236161</CreateTime>
<MsgType><![CDATA[event]]></MsgType>
<Event><![CDATA[subscribe]]></Event>
<EventKey><![CDATA[]]></EventKey>
</xml> 
 

2020-11-14 08:24:35<xml><ToUserName><![CDATA[gh_ac3aca1c15ad]]></ToUserName>
<FromUserName><![CDATA[oELurxD8LCH5TTkL2NHZKsHK3MJg]]></FromUserName>
<CreateTime>1605236161</CreateTime>
<MsgType><![CDATA[event]]></MsgType>
<Event><![CDATA[subscribe]]></Event>
<EventKey><![CDATA[]]></EventKey>
</xml> 
 

2020-11-14 08:24:49<xml><ToUserName><![CDATA[gh_ac3aca1c15ad]]></ToUserName>
<FromUserName><![CDATA[oELurxD8LCH5TTkL2NHZKsHK3MJg]]></FromUserName>
<CreateTime>1605236161</CreateTime>
<MsgType><![CDATA[event]]></MsgType>
<Event><![CDATA[subscribe]]></Event>
<EventKey><![CDATA[]]></EventKey>
</xml> 
 

2020-11-14 08:26:14<xml><ToUserName><![CDATA[gh_ac3aca1c15ad]]></ToUserName>
<FromUserName><![CDATA[oELurxD8LCH5TTkL2NHZKsHK3MJg]]></FromUserName>
<CreateTime>1605236161</CreateTime>
<MsgType><![CDATA[event]]></MsgType>
<Event><![CDATA[subscribe]]></Event>
<EventKey><![CDATA[]]></EventKey>
</xml> 
 

2020-11-14 08:26:33<xml><ToUserName><![CDATA[gh_ac3aca1c15ad]]></ToUserName>
<FromUserName><![CDATA[oELurxD8LCH5TTkL2NHZKsHK3MJg]]></FromUserName>
<CreateTime>1605236161</CreateTime>
<MsgType><![CDATA[event]]></MsgType>
<Event><![CDATA[subscribe]]></Event>
<EventKey><![CDATA[]]></EventKey>
</xml> 
 

2020-11-14 08:32:08<xml><ToUserName><![CDATA[gh_ac3aca1c15ad]]></ToUserName>
<FromUserName><![CDATA[oELurxD8LCH5TTkL2NHZKsHK3MJg]]></FromUserName>
<CreateTime>1605236161</CreateTime>
<MsgType><![CDATA[event]]></MsgType>
<Event><![CDATA[subscribe]]></Event>
<EventKey><![CDATA[]]></EventKey>
</xml> 
 

2020-11-14 08:33:29<xml><ToUserName><![CDATA[gh_ac3aca1c15ad]]></ToUserName>
<FromUserName><![CDATA[oELurxD8LCH5TTkL2NHZKsHK3MJg]]></FromUserName>
<CreateTime>1605236161</CreateTime>
<MsgType><![CDATA[event]]></MsgType>
<Event><![CDATA[subscribe]]></Event>
<EventKey><![CDATA[]]></EventKey>
</xml> 
 

2020-11-14 08:34:01<xml><ToUserName><![CDATA[gh_ac3aca1c15ad]]></ToUserName>
<FromUserName><![CDATA[oELurxD8LCH5TTkL2NHZKsHK3MJg]]></FromUserName>
<CreateTime>1605236161</CreateTime>
<MsgType><![CDATA[event]]></MsgType>
<Event><![CDATA[subscribe]]></Event>
<EventKey><![CDATA[]]></EventKey>
</xml> 
 

2020-11-14 08:34:55<xml><ToUserName><![CDATA[gh_ac3aca1c15ad]]></ToUserName>
<FromUserName><![CDATA[oELurxD8LCH5TTkL2NHZKsHK3MJg]]></FromUserName>
<CreateTime>1605236161</CreateTime>
<MsgType><![CDATA[event]]></MsgType>
<Event><![CDATA[subscribe]]></Event>
<EventKey><![CDATA[]]></EventKey>
</xml> 
 

2020-11-14 08:35:12<xml><ToUserName><![CDATA[gh_ac3aca1c15ad]]></ToUserName>
<FromUserName><![CDATA[oELurxD8LCH5TTkL2NHZKsHK3MJg]]></FromUserName>
<CreateTime>1605236161</CreateTime>
<MsgType><![CDATA[event]]></MsgType>
<Event><![CDATA[subscribe]]></Event>
<EventKey><![CDATA[]]></EventKey>
</xml> 
 

2020-11-14 08:35:21<xml><ToUserName><![CDATA[gh_ac3aca1c15ad]]></ToUserName>
<FromUserName><![CDATA[oELurxD8LCH5TTkL2NHZKsHK3MJg]]></FromUserName>
<CreateTime>1605236161</CreateTime>
<MsgType><![CDATA[event]]></MsgType>
<Event><![CDATA[subscribe]]></Event>
<EventKey><![CDATA[]]></EventKey>
</xml> 
 

2020-11-14 08:38:13<xml><ToUserName><![CDATA[gh_ac3aca1c15ad]]></ToUserName>
<FromUserName><![CDATA[oELurxD8LCH5TTkL2NHZKsHK3MJg]]></FromUserName>
<CreateTime>1605236161</CreateTime>
<MsgType><![CDATA[event]]></MsgType>
<Event><![CDATA[subscribe]]></Event>
<EventKey><![CDATA[]]></EventKey>
</xml> 
 

2020-11-14 08:38:56<xml><ToUserName><![CDATA[gh_ac3aca1c15ad]]></ToUserName>
<FromUserName><![CDATA[oELurxD8LCH5TTkL2NHZKsHK3MJg]]></FromUserName>
<CreateTime>1605236161</CreateTime>
<MsgType><![CDATA[event]]></MsgType>
<Event><![CDATA[subscribe]]></Event>
<EventKey><![CDATA[]]></EventKey>
</xml> 
 

2020-11-14 08:40:05<xml><ToUserName><![CDATA[gh_ac3aca1c15ad]]></ToUserName>
<FromUserName><![CDATA[oELurxD8LCH5TTkL2NHZKsHK3MJg]]></FromUserName>
<CreateTime>1605236161</CreateTime>
<MsgType><![CDATA[event]]></MsgType>
<Event><![CDATA[subscribe]]></Event>
<EventKey><![CDATA[]]></EventKey>
</xml> 
 

2020-11-14 08:40:08<xml><ToUserName><![CDATA[gh_ac3aca1c15ad]]></ToUserName>
<FromUserName><![CDATA[oELurxD8LCH5TTkL2NHZKsHK3MJg]]></FromUserName>
<CreateTime>1605236161</CreateTime>
<MsgType><![CDATA[event]]></MsgType>
<Event><![CDATA[subscribe]]></Event>
<EventKey><![CDATA[]]></EventKey>
</xml> 
 

2020-11-14 08:41:26<xml><ToUserName><![CDATA[gh_ac3aca1c15ad]]></ToUserName>
<FromUserName><![CDATA[oELurxD8LCH5TTkL2NHZKsHK3MJg]]></FromUserName>
<CreateTime>1605236161</CreateTime>
<MsgType><![CDATA[event]]></MsgType>
<Event><![CDATA[subscribe]]></Event>
<EventKey><![CDATA[]]></EventKey>
</xml> 
 

2020-11-14 08:41:41<xml><ToUserName><![CDATA[gh_ac3aca1c15ad]]></ToUserName>
<FromUserName><![CDATA[oELurxD8LCH5TTkL2NHZKsHK3MJg]]></FromUserName>
<CreateTime>1605236161</CreateTime>
<MsgType><![CDATA[event]]></MsgType>
<Event><![CDATA[subscribe]]></Event>
<EventKey><![CDATA[]]></EventKey>
</xml> 
 

2020-11-14 08:44:18<xml><ToUserName><![CDATA[gh_ac3aca1c15ad]]></ToUserName>
<FromUserName><![CDATA[oELurxD8LCH5TTkL2NHZKsHK3MJg]]></FromUserName>
<CreateTime>1605236161</CreateTime>
<MsgType><![CDATA[event]]></MsgType>
<Event><![CDATA[subscribe]]></Event>
<EventKey><![CDATA[]]></EventKey>
</xml> 
 

2020-11-14 08:44:35<xml><ToUserName><![CDATA[gh_ac3aca1c15ad]]></ToUserName>
<FromUserName><![CDATA[oELurxD8LCH5TTkL2NHZKsHK3MJg]]></FromUserName>
<CreateTime>1605236161</CreateTime>
<MsgType><![CDATA[event]]></MsgType>
<Event><![CDATA[subscribe]]></Event>
<EventKey><![CDATA[]]></EventKey>
</xml> 
 

2020-11-14 08:44:41<xml><ToUserName><![CDATA[gh_ac3aca1c15ad]]></ToUserName>
<FromUserName><![CDATA[oELurxD8LCH5TTkL2NHZKsHK3MJg]]></FromUserName>
<CreateTime>1605236161</CreateTime>
<MsgType><![CDATA[event]]></MsgType>
<Event><![CDATA[subscribe]]></Event>
<EventKey><![CDATA[]]></EventKey>
</xml> 
 

2020-11-14 08:44:42<xml><ToUserName><![CDATA[gh_ac3aca1c15ad]]></ToUserName>
<FromUserName><![CDATA[oELurxD8LCH5TTkL2NHZKsHK3MJg]]></FromUserName>
<CreateTime>1605236161</CreateTime>
<MsgType><![CDATA[event]]></MsgType>
<Event><![CDATA[subscribe]]></Event>
<EventKey><![CDATA[]]></EventKey>
</xml> 
 

2020-11-14 08:44:44<xml><ToUserName><![CDATA[gh_ac3aca1c15ad]]></ToUserName>
<FromUserName><![CDATA[oELurxD8LCH5TTkL2NHZKsHK3MJg]]></FromUserName>
<CreateTime>1605236161</CreateTime>
<MsgType><![CDATA[event]]></MsgType>
<Event><![CDATA[subscribe]]></Event>
<EventKey><![CDATA[]]></EventKey>
</xml> 
 

2020-11-14 08:45:26<xml><ToUserName><![CDATA[gh_ac3aca1c15ad]]></ToUserName>
<FromUserName><![CDATA[oELurxD8LCH5TTkL2NHZKsHK3MJg]]></FromUserName>
<CreateTime>1605236161</CreateTime>
<MsgType><![CDATA[event]]></MsgType>
<Event><![CDATA[subscribe]]></Event>
<EventKey><![CDATA[]]></EventKey>
</xml> 
 

2020-11-14 08:47:06<xml><ToUserName><![CDATA[gh_ac3aca1c15ad]]></ToUserName>
<FromUserName><![CDATA[oELurxD8LCH5TTkL2NHZKsHK3MJg]]></FromUserName>
<CreateTime>1605236161</CreateTime>
<MsgType><![CDATA[event]]></MsgType>
<Event><![CDATA[subscribe]]></Event>
<EventKey><![CDATA[]]></EventKey>
</xml> 
 

2020-11-14 08:53:30<xml><ToUserName><![CDATA[gh_ac3aca1c15ad]]></ToUserName>
<FromUserName><![CDATA[oELurxD8LCH5TTkL2NHZKsHK3MJg]]></FromUserName>
<CreateTime>1605236161</CreateTime>
<MsgType><![CDATA[event]]></MsgType>
<Event><![CDATA[subscribe]]></Event>
<EventKey><![CDATA[]]></EventKey>
</xml> 
 

2020-12-02 02:38:24